could not find "AbadarCorp travel suit, Gold"
could not find "AbadarCorp travel suit, Platinium"
could not find "AbadarCorp travel suit, silver"
could not find "Aegis series, elite"
could not find "Aegis series, specialist"
could not find "Aegis series, squad"
could not find "Carbon Skin, Diamond"
could not find "Carbon Skin, Graphite"
could not find "Carbon Skin, Nanotube"
could not find "Carbon Skin, White Carbon"
could not find "Ceremonial Plate, Commander"
could not find "Ceremonial Plate, Officer"
could not find "Ceremonial Plate, Troop"
could not find "Defiance series, elite"
could not find "Defiance series, specialist"
could not find "Defiance series, squad"
could not find "Defrex hide"
could not find "D-suit I"
could not find "D-suit II"
could not find "D-suit III"
could not find "D-suit IV"
could not find "D-suit V"
could not find "D-suit VI"
could not find "Echelon fashion, bespoke"
could not find "Echelon fashion, ready to wear"
could not find "Enginerunner"
could not find "Estex Suit I"
could not find "Estex Suit II"
could not find "Estex Suit III"
could not find "Estex Suit IV"
could not find "Freebooter Armor I"
could not find "Freebooter Armor II"
could not find "Freebooter Armor III"
could not find "Freebooter Armor IV"
could not find "Freebooter Armor V"
could not find "Golemforged Plating I"
could not find "Golemforged Plating II"
could not find "Golemforged Plating III"
could not find "Golemforged Plating IV"
could not find "Golemforged Plating V"
could not find "Hardlight series, elite"
could not find "Hardlight series, specialist"
could not find "Hardlight series, squad"
could not find "Hidden soldier armor"
could not find "Iridishell, Advanced"
could not find "Iridishell, Basic"
could not find "Iridishell, Superior"
could not find "Kalo Encounter Suit I"
could not find "Kalo Encounter Suit II"
could not find "Kalo Encounter Suit III"
could not find "Kalo Encounter Suit IV"
could not find "Kasatha Microcord I"
could not find "Kasatha Microcord II"
could not find "Kasatha Microcord III"
could not find "Kasatha Microcord IV"
could not find "Knight’s Shield, Advanced"
could not find "Knight’s Shield, Basic"
could not find "Knight’s Shield, Elite"
could not find "Knight’s Shield, Field"
could not find "Kyokor Plating I"
could not find "Kyokor Plating II"
could not find "Kyokor Plating III"
could not find "Kyokor Plating IV"
could not find "Kyokor Plating V"
could not find "Lashunta Ringwear I"
could not find "Lashunta Ringwear II"
could not find "Lashunta Ringwear III"
could not find "Lashunta Ringwear IV"
could not find "Lashunta Ringwear V"
could not find "Lashunta Tempweave, Advanced"
could not find "Lashunta Tempweave, Basic"
could not find "Peacekeeper’s aegis I"
could not find "Peacekeeper’s aegis II"
could not find "Peacekeeper’s aegis III"
could not find "Plexigrass bodysuit I"
could not find "Plexigrass bodysuit II"
could not find "Plexigrass bodysuit III"
could not find "Riot Shield, Advanced"
could not find "Riot Shield, Basic"
could not find "Riot Shield, Elite"
could not find "Riot Shield, Field"
could not find "Riot Shield, Paragon"
could not find "Second Skin"
could not find "Shotalashu armor"
could not find "Skittersuit I"
could not find "Skittersuit II"
could not find "Skittersuit III"
could not find "Skyfire armor, exident"
could not find "Skyfire armor, pinion"
could not find "Stationwear, Business"
could not find "Stationwear, Casual"
could not find "Stationwear, Elite"
could not find "Stationwear, Flight Suit"
could not find "Steelbones"
could not find "Swarmsuit"
could not find "Tactical Shield, Advanced"
could not find "Tactical Shield, Basic"
could not find "Tactical Shield, Elite"
could not find "Tactical Shield, Field"
could not find "Tactical Shield, Paragon"
could not find "Terramold plate I"
could not find "Terramold plate II"
could not find "Terramold plate III"
could not find "Thinplate"
could not find "Vesk Brigandine I"
could not find "Vesk Brigandine II"
could not find "Vesk Brigandine III"
could not find "Vesk Brigandine IV"
could not find "Vesk Brigandine V"
could not find "Vesk monolith I"
could not find "Vesk monolith II"
could not find "Vesk monolith III"
could not find "Vesk overplate I"
could not find "Vesk overplate II"
could not find "Vesk overplate III"
could not find "Vesk overplate IV"
could not find "Vesk overplate V"
could not find "Vitrum plate"
could not find "Voidshield armor"
could not find "Ysoki refractor suit"
