could not find "Advanced Autobeam Artillery"
could not find "Advanced Crossbolter"
could not find "Advanced Reaction Cannon"
could not find "Advanced X-gen Gun"
could not find "Advanced Zero Cannon"
could not find "Aurora Shock Caster"
could not find "Autobean rifle, advanced"
could not find "Autobean rifle, elite"
could not find "Autobean rifle, tactical"
could not find "Blue Star Plasma Cannon"
could not find "Carbonedge shuriken"
could not find "Dueling sword, tactical"
could not find "Elite Autobeam Artillery"
could not find "Elite Crossbolter"
could not find "Elite Reaction Cannon"
could not find "Elite X-gen Gun"
could not find "Elite Zero Cannon"
could not find "Firedrake-class Flamethrower"
could not find "Gamma Rifle, Fusion"
could not find "Heavy Machine Gun"
could not find "Heavy Reaction Cannon"
could not find "Heavy Stellar Cannon"
could not find "Hellhound-class Flamethrower"
could not find "HFD Screamer"
could not find "Ifrit-class Flamethrower"
could not find "LFD Screamer"
could not find "Light Machine Gun"
could not find "Light Stellar Cannon"
could not find "Longsword, standard"
could not find "Medium Machine Gun"
could not find "Needler pistol, Paragon"
could not find "Paragon Crossbolter"
could not find "Paragon Reaction Cannon"
could not find "Paragon X-gen Gun"
could not find "Phoenix-class Flamethrower"
could not find "Plasma Claw, Electocellular"
could not find "Red Star Plasma Cannon"
could not find "Salamander-class Flamethrower"
could not find "Squad Machine Gun"
could not find "Static Shock Caster"
could not find "Storm Shock Caster"
could not find "Tactical Autobeam Artillery"
could not find "Tactical Reaction Cannon"
could not find "Tactical X-gen Gun"
could not find "Tactical Zero Cannon"
could not find "Tempest Shock Caster"
could not find "Thunderstrike Screamer"
could not find "White Star Plasma Cannon"
could not find "Yellow Star Plasma Cannon"
could not find "Zero pistol, hailstorm-class"
